<?xml version="1.0" encoding="UTF-8"?>
<testsuite name="runner.runner" tests="0" skipped="0" failures="0" errors="0" timestamp="1970-01-01T00:00:00" hostname="MAURO" time="0.0">
  <properties/>
  <system-out><![CDATA[]]></system-out>
  <system-err><![CDATA[may. 22, 2024 1:53:45 P. M. io.cucumber.core.options.CucumberPropertiesParser lambda$warnWhenCucumberOptionsIsUsed$2
WARNING: Passing commandline options via the property 'cucumber.options' is no longer supported. Please use individual properties instead. See the java doc on io.cucumber.core.options.Constants for details.
]]></system-err>
</testsuite>
